Сборка начата 23.12.2025 23:17:16.
Уровень детализации журнала: Normal.     1>Проект "D:\Универ\4 курс\5 сем\ПСКП\13\13\13\13.vcxproj" в узле 5 (целевые объекты Build).
     1>PrepareForBuild:
         Структурированный вывод включен. Форматирование диагностики компилятора будет отражать иерархию ошибок. Подробнее см. https://aka.ms/cpp/structured-output.
         Создание каталога "x64\Debug\13-03.tlog\".
       InitializeBuildStatus:
         Создание "x64\Debug\13-03.tlog\unsuccessfulbuild", так как было задано "AlwaysCreate".
         Обращение к "x64\Debug\13-03.tlog\unsuccessfulbuild".
       ClCompile:
         C:\Program Files\Microsoft Visual Studio\2022\Community\VC\Tools\MSVC\14.44.35207\bin\HostX64\x64\CL.exe /c /ZI /JMC /nologo /W3 /WX- /diagnostics:column /sdl /Od /D _DEBUG /D _CONSOLE /D _UNICODE /D UNICODE /Gm- /EHsc /RTC1 /MDd /GS /fp:precise /Zc:wchar_t /Zc:forScope /Zc:inline /permissive- /Fo"x64\Debug\\" /Fd"x64\Debug\vc143.pdb" /external:W3 /Gd /TP /FC /errorReport:prompt "13-03.cpp"
         13-03.cpp
       Link:
         C:\Program Files\Microsoft Visual Studio\2022\Community\VC\Tools\MSVC\14.44.35207\bin\HostX64\x64\link.exe /ERRORREPORT:PROMPT /OUT:"D:\Универ\4 курс\5 сем\ПСКП\13\13\x64\Debug\13-03.exe" /INCREMENTAL /ILK:"x64\Debug\13-03.ilk" /NOLOGO kernel32.lib user32.lib gdi32.lib winspool.lib comdlg32.lib advapi32.lib shell32.lib ole32.lib oleaut32.lib uuid.lib odbc32.lib odbccp32.lib /MANIFEST /MANIFESTUAC:"level='asInvoker' uiAccess='false'" /manifest:embed /DEBUG /PDB:"D:\Универ\4 курс\5 сем\ПСКП\13\13\x64\Debug\13-03.pdb" /SUBSYSTEM:CONSOLE /TLBID:1 /DYNAMICBASE /NXCOMPAT /IMPLIB:"D:\Универ\4 курс\5 сем\ПСКП\13\13\x64\Debug\13-03.lib" /MACHINE:X64 "x64\Debug\13-03.obj"
         13.vcxproj -> D:\Универ\4 курс\5 сем\ПСКП\13\13\x64\Debug\13-03.exe
       FinalizeBuildStatus:
         Файл "x64\Debug\13-03.tlog\unsuccessfulbuild" удаляется.
         Обращение к "x64\Debug\13-03.tlog\13-03.lastbuildstate".
     1>Сборка проекта "D:\Универ\4 курс\5 сем\ПСКП\13\13\13\13.vcxproj" завершена (целевые объекты Build).

Сборка успешно завершена.
    Предупреждений: 0
    Ошибок: 0

Прошло времени 00:00:02.50
